00:00:00.036164 VirtualBox DHCP Server 7.0.4 r154605 win.amd64 (Nov 16 2022 15:32:42) release log
00:00:00.036167 Log opened 2023-04-08T06:54:42.185542400Z
00:00:00.036167 Build Type: release
00:00:00.036171 OS Product: Windows 11
00:00:00.036171 OS Release: 10.0.22621
00:00:00.036172 OS Service Pack: 
00:00:00.301007 DMI Product Name: ROG Strix G513IM_G513IM
00:00:00.321480 DMI Product Version: 1.0
00:00:00.321488 Firmware type: UEFI
00:00:00.322043 Secure Boot: VERR_PRIVILEGE_NOT_HELD
00:00:00.322068 Host RAM: 15791MB (15.4GB) total, 1656MB available
00:00:00.322071 Executable: C:\Program Files\Oracle\VirtualBox\VBoxNetDHCP.exe
00:00:00.322072 Process ID: 31212
00:00:00.322072 Package type: WINDOWS_64BITS_GENERIC
00:00:00.322297 --config:  HostInterfaceNetworking-VirtualBox Host-Only Ethernet Adapter #2
00:00:00.322313 --comment: HostInterfaceNetworking-VirtualBox Host-Only Ethernet Adapter #2
00:00:00.430651 IP address:   192.168.50.100/24
00:00:00.430707 Address pool: 192.168.50.101 - 192.168.50.254
00:00:00.430773 MAC address is not specified: will use generated MAC 08:00:27:44:67:12
00:00:00.430791 Db::i_enterFixedAddressAssignment: 08:00:27:44:67:12: 192.168.50.100
00:00:00.430804 loading leases from C:\Users\ADMIN\.VirtualBox\HostInterfaceNetworking-VirtualBox Host-Only Ethernet Adapter #2-Dhcpd.leases
00:00:00.431087 Runtime error opening 'C:\Users\ADMIN\.VirtualBox\HostInterfaceNetworking-VirtualBox Host-Only Ethernet Adapter #2-Dhcpd.leases' for reading VERR_FILE_NOT_FOUND (File not found.)
00:00:00.546962 SUP: Opened VMMR0.r0 (C:\Program Files\Oracle\VirtualBox\VMMR0.r0) at 0xXXXXXXXXXXXXXXXX loaded by the native ring-0 loader.
00:00:00.546996 SUP: windbg> .reload /f C:\Program Files\Oracle\VirtualBox\VMMR0.r0=0xXXXXXXXXXXXXXXXX
00:00:00.547039 Terminating - ifInit failed: VERR_INTNET_FLT_IF_NOT_FOUND
